# JRE version: Java(TM) SE Runtime Environment (23.0.1+11) (build 23.0.1+11-39)
# Java VM: Java HotSpot(TM) 64-Bit Server VM (23.0.1+11-39, mixed mode, sharing, tiered, compressed oops, compressed class ptrs, g1 gc, windows-amd64)
GC Precious Log:
 CardTable entry size: 512
 Card Set container configuration: InlinePtr #cards 4 size 8 Array Of Cards #cards 16 size 48 Howl #buckets 8 coarsen threshold 3686 Howl Bitmap #cards 512 size 80 coarsen threshold 460 Card regions per heap region 1 cards per card region 4096
 CPUs: 8 total, 8 available
 Memory: 16075M
 Large Page Support: Disabled
 NUMA Support: Disabled
 Compressed Oops: Enabled (Zero based)
 Heap Region Size: 2M
 Heap Min Capacity: 8M
 Heap Initial Capacity: 252M
 Heap Max Capacity: 4020M
 Pre-touch: Disabled
 Parallel Workers: 8
 Concurrent Workers: 2
 Concurrent Refinement Workers: 8
 Periodic GC: Disabled
Heap:
 garbage-first heap   total reserved 4116480K, committed 258048K, used 87471K [0x0000000704c00000, 0x0000000800000000)
  region size 2048K, 43 young (88064K), 3 survivors (6144K)
 Metaspace       used 19020K, committed 19328K, reserved 1114112K
  class space    used 2173K, committed 2304K, reserved 1048576K
GC Heap History (20 events):
Event: 3.796 GC heap before
{Heap before GC invocations=8 (full 0):
 garbage-first heap   total reserved 4116480K, committed 258048K, used 154755K [0x0000000704c00000, 0x0000000800000000)
  region size 2048K, 75 young (153600K), 1 survivors (2048K)
 Metaspace       used 6596K, committed 6784K, reserved 1114112K
  class space    used 676K, committed 768K, reserved 1048576K
}
Event: 3.797 GC heap after
{Heap after GC invocations=9 (full 0):
 garbage-first heap   total reserved 4116480K, committed 258048K, used 3189K [0x0000000704c00000, 0x0000000800000000)
  region size 2048K, 1 young (2048K), 1 survivors (2048K)
 Metaspace       used 6596K, committed 6784K, reserved 1114112K
  class space    used 676K, committed 768K, reserved 1048576K
}
Event: 4.501 GC heap before
{Heap before GC invocations=9 (full 0):
 garbage-first heap   total reserved 4116480K, committed 258048K, used 154741K [0x0000000704c00000, 0x0000000800000000)
  region size 2048K, 75 young (153600K), 1 survivors (2048K)
 Metaspace       used 6991K, committed 7168K, reserved 1114112K
  class space    used 716K, committed 768K, reserved 1048576K
}
Event: 4.504 GC heap after
{Heap after GC invocations=10 (full 0):
 garbage-first heap   total reserved 4116480K, committed 258048K, used 3659K [0x0000000704c00000, 0x0000000800000000)
  region size 2048K, 1 young (2048K), 1 survivors (2048K)
 Metaspace       used 6991K, committed 7168K, reserved 1114112K
  class space    used 716K, committed 768K, reserved 1048576K
}
Event: 5.274 GC heap before
{Heap before GC invocations=10 (full 0):
 garbage-first heap   total reserved 4116480K, committed 258048K, used 155211K [0x0000000704c00000, 0x0000000800000000)
  region size 2048K, 75 young (153600K), 1 survivors (2048K)
 Metaspace       used 6991K, committed 7168K, reserved 1114112K
  class space    used 716K, committed 768K, reserved 1048576K
}
Event: 5.276 GC heap after
{Heap after GC invocations=11 (full 0):
 garbage-first heap   total reserved 4116480K, committed 258048K, used 3681K [0x0000000704c00000, 0x0000000800000000)
  region size 2048K, 1 young (2048K), 1 survivors (2048K)
 Metaspace       used 6991K, committed 7168K, reserved 1114112K
  class space    used 716K, committed 768K, reserved 1048576K
}
Event: 6.085 GC heap before
{Heap before GC invocations=11 (full 0):
 garbage-first heap   total reserved 4116480K, committed 258048K, used 155233K [0x0000000704c00000, 0x0000000800000000)
  region size 2048K, 75 young (153600K), 1 survivors (2048K)
 Metaspace       used 6991K, committed 7168K, reserved 1114112K
  class space    used 716K, committed 768K, reserved 1048576K
}
Event: 6.088 GC heap after
{Heap after GC invocations=12 (full 0):
 garbage-first heap   total reserved 4116480K, committed 258048K, used 3631K [0x0000000704c00000, 0x0000000800000000)
  region size 2048K, 1 young (2048K), 1 survivors (2048K)
 Metaspace       used 6991K, committed 7168K, reserved 1114112K
  class space    used 716K, committed 768K, reserved 1048576K
}
Event: 6.783 GC heap before
{Heap before GC invocations=12 (full 0):
 garbage-first heap   total reserved 4116480K, committed 258048K, used 155183K [0x0000000704c00000, 0x0000000800000000)
  region size 2048K, 75 young (153600K), 1 survivors (2048K)
 Metaspace       used 6991K, committed 7168K, reserved 1114112K
  class space    used 716K, committed 768K, reserved 1048576K
}
Event: 6.785 GC heap after
{Heap after GC invocations=13 (full 0):
 garbage-first heap   total reserved 4116480K, committed 258048K, used 3654K [0x0000000704c00000, 0x0000000800000000)
  region size 2048K, 1 young (2048K), 1 survivors (2048K)
 Metaspace       used 6991K, committed 7168K, reserved 1114112K
  class space    used 716K, committed 768K, reserved 1048576K
}
Event: 7.477 GC heap before
{Heap before GC invocations=13 (full 0):
 garbage-first heap   total reserved 4116480K, committed 258048K, used 155206K [0x0000000704c00000, 0x0000000800000000)
  region size 2048K, 75 young (153600K), 1 survivors (2048K)
 Metaspace       used 6991K, committed 7168K, reserved 1114112K
  class space    used 716K, committed 768K, reserved 1048576K
}
Event: 7.479 GC heap after
{Heap after GC invocations=14 (full 0):
 garbage-first heap   total reserved 4116480K, committed 258048K, used 3656K [0x0000000704c00000, 0x0000000800000000)
  region size 2048K, 1 young (2048K), 1 survivors (2048K)
 Metaspace       used 6991K, committed 7168K, reserved 1114112K
  class space    used 716K, committed 768K, reserved 1048576K
}
Event: 8.115 GC heap before
{Heap before GC invocations=14 (full 0):
 garbage-first heap   total reserved 4116480K, committed 258048K, used 155208K [0x0000000704c00000, 0x0000000800000000)
  region size 2048K, 75 young (153600K), 1 survivors (2048K)
 Metaspace       used 6991K, committed 7168K, reserved 1114112K
  class space    used 716K, committed 768K, reserved 1048576K
}
Event: 8.117 GC heap after
{Heap after GC invocations=15 (full 0):
 garbage-first heap   total reserved 4116480K, committed 258048K, used 3660K [0x0000000704c00000, 0x0000000800000000)
  region size 2048K, 1 young (2048K), 1 survivors (2048K)
 Metaspace       used 6991K, committed 7168K, reserved 1114112K
  class space    used 716K, committed 768K, reserved 1048576K
}
Event: 8.849 GC heap before
{Heap before GC invocations=15 (full 0):
 garbage-first heap   total reserved 4116480K, committed 258048K, used 155212K [0x0000000704c00000, 0x0000000800000000)
  region size 2048K, 75 young (153600K), 1 survivors (2048K)
 Metaspace       used 6994K, committed 7168K, reserved 1114112K
  class space    used 716K, committed 768K, reserved 1048576K
}
Event: 8.850 GC heap after
{Heap after GC invocations=16 (full 0):
 garbage-first heap   total reserved 4116480K, committed 258048K, used 3662K [0x0000000704c00000, 0x0000000800000000)
  region size 2048K, 1 young (2048K), 1 survivors (2048K)
 Metaspace       used 6994K, committed 7168K, reserved 1114112K
  class space    used 716K, committed 768K, reserved 1048576K
}
Event: 9.442 GC heap before
{Heap before GC invocations=16 (full 0):
 garbage-first heap   total reserved 4116480K, committed 258048K, used 155214K [0x0000000704c00000, 0x0000000800000000)
  region size 2048K, 75 young (153600K), 1 survivors (2048K)
 Metaspace       used 6994K, committed 7168K, reserved 1114112K
  class space    used 716K, committed 768K, reserved 1048576K
}
Event: 9.443 GC heap after
{Heap after GC invocations=17 (full 0):
 garbage-first heap   total reserved 4116480K, committed 258048K, used 3709K [0x0000000704c00000, 0x0000000800000000)
  region size 2048K, 1 young (2048K), 1 survivors (2048K)
 Metaspace       used 6994K, committed 7168K, reserved 1114112K
  class space    used 716K, committed 768K, reserved 1048576K
}
Event: 11.513 GC heap before
{Heap before GC invocations=17 (full 0):
 garbage-first heap   total reserved 4116480K, committed 258048K, used 155261K [0x0000000704c00000, 0x0000000800000000)
  region size 2048K, 75 young (153600K), 1 survivors (2048K)
 Metaspace       used 18516K, committed 18816K, reserved 1114112K
  class space    used 2139K, committed 2304K, reserved 1048576K
}
Event: 11.517 GC heap after
{Heap after GC invocations=18 (full 0):
 garbage-first heap   total reserved 4116480K, committed 258048K, used 7599K [0x0000000704c00000, 0x0000000800000000)
  region size 2048K, 3 young (6144K), 3 survivors (6144K)
 Metaspace       used 18516K, committed 18816K, reserved 1114112K
  class space    used 2139K, committed 2304K, reserved 1048576K
}

